<?xml version="1.0" encoding="UTF-8"?>
<testsuite xmlns:xsi="http://www.w3.org/2001/XMLSchema-instance" xsi:noNamespaceSchemaLocation="https://maven.apache.org/surefire/maven-surefire-plugin/xsd/surefire-test-report-3.0.xsd" version="3.0" name="com.colendi.lottery.app.DemoApplicationTests" time="2.927" tests="1" errors="0" skipped="0" failures="0">
  <properties>
[...]
</properties>
  <testcase name="contextLoads" classname="com.colendi.lottery.app.DemoApplicationTests" time="0.414">
    <system-out><![CDATA[11:19:38.711 [main] INFO org.springframework.test.context.support.AnnotationConfigContextLoaderUtils -- Could not detect default configuration classes for test class [com.colendi.lottery.app.DemoApplicationTests]: DemoApplicationTests does not declare any static, non-private, non-final, nested classes annotated with @Configuration.
11:19:38.772 [main] INFO org.springframework.boot.test.context.SpringBootTestContextBootstrapper -- Found @SpringBootConfiguration com.colendi.lottery.app.LotteryAppApplication for test class com.colendi.lottery.app.DemoApplicationTests

  .   ____          _            __ _ _
 /\\ / ___'_ __ _ _(_)_ __  __ _ \ \ \ \
( ( )\___ | '_ | '_| | '_ \/ _` | \ \ \ \
 \\/  ___)| |_)| | | | | || (_| |  ) ) ) )
  '  |____| .__|_| |_|_| |_\__, | / / / /
 =========|_|==============|___/=/_/_/_/
 :: Spring Boot ::                (v3.1.2)

2023-08-10T11:19:38.973+03:00  INFO 93998 --- [           main] c.c.lottery.app.DemoApplicationTests     : Starting DemoApplicationTests using Java 20.0.1 with PID 93998 (started by oktayaynaci in /Users/oktayaynaci/Downloads/lottery-application-services)
2023-08-10T11:19:38.974+03:00  INFO 93998 --- [           main] c.c.lottery.app.DemoApplicationTests     : No active profile set, falling back to 1 default profile: "default"
2023-08-10T11:19:39.253+03:00  INFO 93998 --- [           main] .s.d.r.c.RepositoryConfigurationDelegate : Bootstrapping Spring Data JPA repositories in DEFAULT mode.
2023-08-10T11:19:39.287+03:00  INFO 93998 --- [           main] .s.d.r.c.RepositoryConfigurationDelegate : Finished Spring Data repository scanning in 28 ms. Found 1 JPA repository interfaces.
2023-08-10T11:19:39.658+03:00  INFO 93998 --- [           main] o.hibernate.jpa.internal.util.LogHelper  : HHH000204: Processing PersistenceUnitInfo [name: default]
2023-08-10T11:19:39.699+03:00  INFO 93998 --- [           main] org.hibernate.Version                    : HHH000412: Hibernate ORM core version 6.2.6.Final
2023-08-10T11:19:39.700+03:00  INFO 93998 --- [           main] org.hibernate.cfg.Environment            : HHH000406: Using bytecode reflection optimizer
2023-08-10T11:19:39.784+03:00  INFO 93998 --- [           main] o.h.b.i.BytecodeProviderInitiator        : HHH000021: Bytecode provider name : bytebuddy
2023-08-10T11:19:39.853+03:00  INFO 93998 --- [           main] o.s.o.j.p.SpringPersistenceUnitInfo      : No LoadTimeWeaver setup: ignoring JPA class transformer
2023-08-10T11:19:39.862+03:00  INFO 93998 --- [           main] com.zaxxer.hikari.HikariDataSource       : HikariPool-1 - Starting...
2023-08-10T11:19:39.993+03:00  INFO 93998 --- [           main] com.zaxxer.hikari.pool.HikariPool        : HikariPool-1 - Added connection com.mysql.cj.jdbc.ConnectionImpl@25ce435
2023-08-10T11:19:39.994+03:00  INFO 93998 --- [           main] com.zaxxer.hikari.HikariDataSource       : HikariPool-1 - Start completed.
2023-08-10T11:19:40.237+03:00  INFO 93998 --- [           main] o.h.b.i.BytecodeProviderInitiator        : HHH000021: Bytecode provider name : bytebuddy
2023-08-10T11:19:40.631+03:00  INFO 93998 --- [           main] o.h.e.t.j.p.i.JtaPlatformInitiator       : HHH000490: Using JtaPlatform implementation: [org.hibernate.engine.transaction.jta.platform.internal.NoJtaPlatform]
2023-08-10T11:19:40.678+03:00  INFO 93998 --- [           main] j.LocalContainerEntityManagerFactoryBean : Initialized JPA EntityManagerFactory for persistence unit 'default'
2023-08-10T11:19:40.908+03:00  WARN 93998 --- [           main] JpaBaseConfiguration$JpaWebConfiguration : spring.jpa.open-in-view is enabled by default. Therefore, database queries may be performed during view rendering. Explicitly configure spring.jpa.open-in-view to disable this warning
2023-08-10T11:19:41.097+03:00  INFO 93998 --- [           main] c.c.lottery.app.DemoApplicationTests     : Started DemoApplicationTests in 2.253 seconds (process running for 2.805)
]]></system-out>
  </testcase>
</testsuite>